# JRE version: OpenJDK Runtime Environment (8.0_242-b01) (build 1.8.0_242-release-1644-b01)
# Java VM: OpenJDK 64-Bit Server VM (25.242-b01 mixed mode windows-amd64 compressed oops)
Heap:
 PSYoungGen      total 342016K, used 159814K [0x00000000d5580000, 0x00000000ebe00000, 0x0000000100000000)
  eden space 314880K, 44% used [0x00000000d5580000,0x00000000ddfb7380,0x00000000e8900000)
  from space 27136K, 67% used [0x00000000e8900000,0x00000000e9ada628,0x00000000ea380000)
  to   space 25088K, 0% used [0x00000000ea580000,0x00000000ea580000,0x00000000ebe00000)
 ParOldGen       total 111104K, used 110866K [0x0000000080000000, 0x0000000086c80000, 0x00000000d5580000)
  object space 111104K, 99% used [0x0000000080000000,0x0000000086c44b50,0x0000000086c80000)
 Metaspace       used 83384K, capacity 86818K, committed 87316K, reserved 1124352K
  class space    used 11117K, capacity 11770K, committed 11836K, reserved 1048576K
GC Heap History (10 events):
Event: 17.295 GC heap before
{Heap before GC invocations=15 (full 3):
 PSYoungGen      total 261120K, used 4093K [0x00000000d5580000, 0x00000000e6a80000, 0x0000000100000000)
  eden space 241664K, 0% used [0x00000000d5580000,0x00000000d5580000,0x00000000e4180000)
  from space 19456K, 21% used [0x00000000e5780000,0x00000000e5b7f6f0,0x00000000e6a80000)
  to   space 20992K, 0% used [0x00000000e4180000,0x00000000e4180000,0x00000000e5600000)
 ParOldGen       total 68608K, used 44046K [0x0000000080000000, 0x0000000084300000, 0x00000000d5580000)
  object space 68608K, 64% used [0x0000000080000000,0x0000000082b03800,0x0000000084300000)
 Metaspace       used 56833K, capacity 59014K, committed 59028K, reserved 1099776K
  class space    used 7670K, capacity 8112K, committed 8124K, reserved 1048576K
Event: 17.506 GC heap after
Heap after GC invocations=15 (full 3):
 PSYoungGen      total 261120K, used 0K [0x00000000d5580000, 0x00000000e6a80000, 0x0000000100000000)
  eden space 241664K, 0% used [0x00000000d5580000,0x00000000d5580000,0x00000000e4180000)
  from space 19456K, 0% used [0x00000000e5780000,0x00000000e5780000,0x00000000e6a80000)
  to   space 20992K, 0% used [0x00000000e4180000,0x00000000e4180000,0x00000000e5600000)
 ParOldGen       total 104448K, used 34485K [0x0000000080000000, 0x0000000086600000, 0x00000000d5580000)
  object space 104448K, 33% used [0x0000000080000000,0x00000000821ad750,0x0000000086600000)
 Metaspace       used 56820K, capacity 58972K, committed 59028K, reserved 1099776K
  class space    used 7666K, capacity 8105K, committed 8124K, reserved 1048576K
}
Event: 22.188 GC heap before
{Heap before GC invocations=16 (full 3):
 PSYoungGen      total 261120K, used 241664K [0x00000000d5580000, 0x00000000e6a80000, 0x0000000100000000)
  eden space 241664K, 100% used [0x00000000d5580000,0x00000000e4180000,0x00000000e4180000)
  from space 19456K, 0% used [0x00000000e5780000,0x00000000e5780000,0x00000000e6a80000)
  to   space 20992K, 0% used [0x00000000e4180000,0x00000000e4180000,0x00000000e5600000)
 ParOldGen       total 104448K, used 34485K [0x0000000080000000, 0x0000000086600000, 0x00000000d5580000)
  object space 104448K, 33% used [0x0000000080000000,0x00000000821ad750,0x0000000086600000)
 Metaspace       used 66791K, capacity 69694K, committed 69908K, reserved 1110016K
  class space    used 9133K, capacity 9718K, committed 9788K, reserved 1048576K
Event: 22.225 GC heap after
Heap after GC invocations=16 (full 3):
 PSYoungGen      total 262656K, used 20985K [0x00000000d5580000, 0x00000000ebe00000, 0x0000000100000000)
  eden space 241664K, 0% used [0x00000000d5580000,0x00000000d5580000,0x00000000e4180000)
  from space 20992K, 99% used [0x00000000e4180000,0x00000000e55fe568,0x00000000e5600000)
  to   space 25088K, 0% used [0x00000000ea580000,0x00000000ea580000,0x00000000ebe00000)
 ParOldGen       total 104448K, used 36490K [0x0000000080000000, 0x0000000086600000, 0x00000000d5580000)
  object space 104448K, 34% used [0x0000000080000000,0x00000000823a2a20,0x0000000086600000)
 Metaspace       used 66791K, capacity 69694K, committed 69908K, reserved 1110016K
  class space    used 9133K, capacity 9718K, committed 9788K, reserved 1048576K
}
Event: 26.317 GC heap before
{Heap before GC invocations=17 (full 3):
 PSYoungGen      total 262656K, used 262649K [0x00000000d5580000, 0x00000000ebe00000, 0x0000000100000000)
  eden space 241664K, 100% used [0x00000000d5580000,0x00000000e4180000,0x00000000e4180000)
  from space 20992K, 99% used [0x00000000e4180000,0x00000000e55fe568,0x00000000e5600000)
  to   space 25088K, 0% used [0x00000000ea580000,0x00000000ea580000,0x00000000ebe00000)
 ParOldGen       total 104448K, used 36490K [0x0000000080000000, 0x0000000086600000, 0x00000000d5580000)
  object space 104448K, 34% used [0x0000000080000000,0x00000000823a2a20,0x0000000086600000)
 Metaspace       used 72034K, capacity 75178K, committed 75412K, reserved 1114112K
  class space    used 9762K, capacity 10370K, committed 10428K, reserved 1048576K
Event: 26.368 GC heap after
Heap after GC invocations=17 (full 3):
 PSYoungGen      total 339968K, used 20474K [0x00000000d5580000, 0x00000000ebe00000, 0x0000000100000000)
  eden space 314880K, 0% used [0x00000000d5580000,0x00000000d5580000,0x00000000e8900000)
  from space 25088K, 81% used [0x00000000ea580000,0x00000000eb97e838,0x00000000ebe00000)
  to   space 27136K, 0% used [0x00000000e8900000,0x00000000e8900000,0x00000000ea380000)
 ParOldGen       total 104448K, used 49581K [0x0000000080000000, 0x0000000086600000, 0x00000000d5580000)
  object space 104448K, 47% used [0x0000000080000000,0x000000008306b478,0x0000000086600000)
 Metaspace       used 72034K, capacity 75178K, committed 75412K, reserved 1114112K
  class space    used 9762K, capacity 10370K, committed 10428K, reserved 1048576K
}
Event: 31.589 GC heap before
{Heap before GC invocations=18 (full 3):
 PSYoungGen      total 339968K, used 335354K [0x00000000d5580000, 0x00000000ebe00000, 0x0000000100000000)
  eden space 314880K, 100% used [0x00000000d5580000,0x00000000e8900000,0x00000000e8900000)
  from space 25088K, 81% used [0x00000000ea580000,0x00000000eb97e838,0x00000000ebe00000)
  to   space 27136K, 0% used [0x00000000e8900000,0x00000000e8900000,0x00000000ea380000)
 ParOldGen       total 104448K, used 49581K [0x0000000080000000, 0x0000000086600000, 0x00000000d5580000)
  object space 104448K, 47% used [0x0000000080000000,0x000000008306b478,0x0000000086600000)
 Metaspace       used 82673K, capacity 86268K, committed 86548K, reserved 1124352K
  class space    used 11101K, capacity 11753K, committed 11836K, reserved 1048576K
Event: 31.879 GC heap after
Heap after GC invocations=18 (full 3):
 PSYoungGen      total 342016K, used 27129K [0x00000000d5580000, 0x00000000ebe00000, 0x0000000100000000)
  eden space 314880K, 0% used [0x00000000d5580000,0x00000000d5580000,0x00000000e8900000)
  from space 27136K, 99% used [0x00000000e8900000,0x00000000ea37e710,0x00000000ea380000)
  to   space 25088K, 0% used [0x00000000ea580000,0x00000000ea580000,0x00000000ebe00000)
 ParOldGen       total 111104K, used 110775K [0x0000000080000000, 0x0000000086c80000, 0x00000000d5580000)
  object space 111104K, 99% used [0x0000000080000000,0x0000000086c2de68,0x0000000086c80000)
 Metaspace       used 82673K, capacity 86268K, committed 86548K, reserved 1124352K
  class space    used 11101K, capacity 11753K, committed 11836K, reserved 1048576K
}
Event: 31.880 GC heap before
{Heap before GC invocations=19 (full 4):
 PSYoungGen      total 342016K, used 27129K [0x00000000d5580000, 0x00000000ebe00000, 0x0000000100000000)
  eden space 314880K, 0% used [0x00000000d5580000,0x00000000d5580000,0x00000000e8900000)
  from space 27136K, 99% used [0x00000000e8900000,0x00000000ea37e710,0x00000000ea380000)
  to   space 25088K, 0% used [0x00000000ea580000,0x00000000ea580000,0x00000000ebe00000)
 ParOldGen       total 111104K, used 110775K [0x0000000080000000, 0x0000000086c80000, 0x00000000d5580000)
  object space 111104K, 99% used [0x0000000080000000,0x0000000086c2de68,0x0000000086c80000)
 Metaspace       used 82673K, capacity 86268K, committed 86548K, reserved 1124352K
  class space    used 11101K, capacity 11753K, committed 11836K, reserved 1048576K
Event: 33.895 GC heap after
Heap after GC invocations=19 (full 4):
 PSYoungGen      total 342016K, used 18281K [0x00000000d5580000, 0x00000000ebe00000, 0x0000000100000000)
  eden space 314880K, 0% used [0x00000000d5580000,0x00000000d5580000,0x00000000e8900000)
  from space 27136K, 67% used [0x00000000e8900000,0x00000000e9ada628,0x00000000ea380000)
  to   space 25088K, 0% used [0x00000000ea580000,0x00000000ea580000,0x00000000ebe00000)
 ParOldGen       total 111104K, used 110866K [0x0000000080000000, 0x0000000086c80000, 0x00000000d5580000)
  object space 111104K, 99% used [0x0000000080000000,0x0000000086c44b50,0x0000000086c80000)
 Metaspace       used 82579K, capacity 85988K, committed 86548K, reserved 1124352K
  class space    used 11071K, capacity 11701K, committed 11836K, reserved 1048576K
}

