# JRE version: OpenJDK Runtime Environment (8.0_242-b01) (build 1.8.0_242-release-1644-b01)
# Java VM: OpenJDK 64-Bit Server VM (25.242-b01 mixed mode windows-amd64 compressed oops)
Heap:
 PSYoungGen      total 251904K, used 85773K [0x00000000d5580000, 0x00000000eae80000, 0x0000000100000000)
  eden space 214528K, 39% used [0x00000000d5580000,0x00000000da9437a8,0x00000000e2700000)
  from space 37376K, 0% used [0x00000000e5f00000,0x00000000e5f00000,0x00000000e8380000)
  to   space 57344K, 0% used [0x00000000e2700000,0x00000000e2700000,0x00000000e5f00000)
 ParOldGen       total 237056K, used 113885K [0x0000000080000000, 0x000000008e780000, 0x00000000d5580000)
  object space 237056K, 48% used [0x0000000080000000,0x0000000086f37468,0x000000008e780000)
 Metaspace       used 93565K, capacity 97250K, committed 97684K, reserved 1134592K
  class space    used 12239K, capacity 12948K, committed 12988K, reserved 1048576K
GC Heap History (10 events):
Event: 30.492 GC heap before
{Heap before GC invocations=20 (full 3):
 PSYoungGen      total 198656K, used 198653K [0x00000000d5580000, 0x00000000e5880000, 0x0000000100000000)
  eden space 177152K, 100% used [0x00000000d5580000,0x00000000e0280000,0x00000000e0280000)
  from space 21504K, 99% used [0x00000000e2380000,0x00000000e387f628,0x00000000e3880000)
  to   space 33792K, 0% used [0x00000000e0280000,0x00000000e0280000,0x00000000e2380000)
 ParOldGen       total 115712K, used 63793K [0x0000000080000000, 0x0000000087100000, 0x00000000d5580000)
  object space 115712K, 55% used [0x0000000080000000,0x0000000083e4c6b8,0x0000000087100000)
 Metaspace       used 68833K, capacity 71822K, committed 71956K, reserved 1112064K
  class space    used 9342K, capacity 9954K, committed 10044K, reserved 1048576K
Event: 30.568 GC heap after
Heap after GC invocations=20 (full 3):
 PSYoungGen      total 210944K, used 9776K [0x00000000d5580000, 0x00000000e6100000, 0x0000000100000000)
  eden space 177152K, 0% used [0x00000000d5580000,0x00000000d5580000,0x00000000e0280000)
  from space 33792K, 28% used [0x00000000e0280000,0x00000000e0c0c0c0,0x00000000e2380000)
  to   space 32256K, 0% used [0x00000000e4180000,0x00000000e4180000,0x00000000e6100000)
 ParOldGen       total 115712K, used 82690K [0x0000000080000000, 0x0000000087100000, 0x00000000d5580000)
  object space 115712K, 71% used [0x0000000080000000,0x00000000850c0b98,0x0000000087100000)
 Metaspace       used 68833K, capacity 71822K, committed 71956K, reserved 1112064K
  class space    used 9342K, capacity 9954K, committed 10044K, reserved 1048576K
}
Event: 42.530 GC heap before
{Heap before GC invocations=21 (full 3):
 PSYoungGen      total 210944K, used 186928K [0x00000000d5580000, 0x00000000e6100000, 0x0000000100000000)
  eden space 177152K, 100% used [0x00000000d5580000,0x00000000e0280000,0x00000000e0280000)
  from space 33792K, 28% used [0x00000000e0280000,0x00000000e0c0c0c0,0x00000000e2380000)
  to   space 32256K, 0% used [0x00000000e4180000,0x00000000e4180000,0x00000000e6100000)
 ParOldGen       total 115712K, used 82690K [0x0000000080000000, 0x0000000087100000, 0x00000000d5580000)
  object space 115712K, 71% used [0x0000000080000000,0x00000000850c0b98,0x0000000087100000)
 Metaspace       used 73832K, capacity 76896K, committed 77076K, reserved 1116160K
  class space    used 9939K, capacity 10535K, committed 10556K, reserved 1048576K
Event: 42.600 GC heap after
Heap after GC invocations=21 (full 3):
 PSYoungGen      total 236544K, used 20134K [0x00000000d5580000, 0x00000000e5f80000, 0x0000000100000000)
  eden space 205824K, 0% used [0x00000000d5580000,0x00000000d5580000,0x00000000e1e80000)
  from space 30720K, 65% used [0x00000000e4180000,0x00000000e5529b60,0x00000000e5f80000)
  to   space 33280K, 0% used [0x00000000e1e80000,0x00000000e1e80000,0x00000000e3f00000)
 ParOldGen       total 115712K, used 82698K [0x0000000080000000, 0x0000000087100000, 0x00000000d5580000)
  object space 115712K, 71% used [0x0000000080000000,0x00000000850c2b98,0x0000000087100000)
 Metaspace       used 73832K, capacity 76896K, committed 77076K, reserved 1116160K
  class space    used 9939K, capacity 10535K, committed 10556K, reserved 1048576K
}
Event: 72.918 GC heap before
{Heap before GC invocations=22 (full 3):
 PSYoungGen      total 236544K, used 225958K [0x00000000d5580000, 0x00000000e5f80000, 0x0000000100000000)
  eden space 205824K, 100% used [0x00000000d5580000,0x00000000e1e80000,0x00000000e1e80000)
  from space 30720K, 65% used [0x00000000e4180000,0x00000000e5529b60,0x00000000e5f80000)
  to   space 33280K, 0% used [0x00000000e1e80000,0x00000000e1e80000,0x00000000e3f00000)
 ParOldGen       total 115712K, used 82698K [0x0000000080000000, 0x0000000087100000, 0x00000000d5580000)
  object space 115712K, 71% used [0x0000000080000000,0x00000000850c2b98,0x0000000087100000)
 Metaspace       used 82707K, capacity 86238K, committed 86420K, reserved 1124352K
  class space    used 10967K, capacity 11670K, committed 11708K, reserved 1048576K
Event: 73.056 GC heap after
Heap after GC invocations=22 (full 3):
 PSYoungGen      total 239104K, used 29748K [0x00000000d5580000, 0x00000000e8380000, 0x0000000100000000)
  eden space 205824K, 0% used [0x00000000d5580000,0x00000000d5580000,0x00000000e1e80000)
  from space 33280K, 89% used [0x00000000e1e80000,0x00000000e3b8d0a8,0x00000000e3f00000)
  to   space 37376K, 0% used [0x00000000e5f00000,0x00000000e5f00000,0x00000000e8380000)
 ParOldGen       total 115712K, used 82706K [0x0000000080000000, 0x0000000087100000, 0x00000000d5580000)
  object space 115712K, 71% used [0x0000000080000000,0x00000000850c4b98,0x0000000087100000)
 Metaspace       used 82707K, capacity 86238K, committed 86420K, reserved 1124352K
  class space    used 10967K, capacity 11670K, committed 11708K, reserved 1048576K
}
Event: 76.580 GC heap before
{Heap before GC invocations=23 (full 3):
 PSYoungGen      total 239104K, used 235572K [0x00000000d5580000, 0x00000000e8380000, 0x0000000100000000)
  eden space 205824K, 100% used [0x00000000d5580000,0x00000000e1e80000,0x00000000e1e80000)
  from space 33280K, 89% used [0x00000000e1e80000,0x00000000e3b8d0a8,0x00000000e3f00000)
  to   space 37376K, 0% used [0x00000000e5f00000,0x00000000e5f00000,0x00000000e8380000)
 ParOldGen       total 115712K, used 82706K [0x0000000080000000, 0x0000000087100000, 0x00000000d5580000)
  object space 115712K, 71% used [0x0000000080000000,0x00000000850c4b98,0x0000000087100000)
 Metaspace       used 88572K, capacity 92254K, committed 92564K, reserved 1130496K
  class space    used 11509K, capacity 12194K, committed 12220K, reserved 1048576K
Event: 76.693 GC heap after
Heap after GC invocations=23 (full 3):
 PSYoungGen      total 251904K, used 37367K [0x00000000d5580000, 0x00000000eae80000, 0x0000000100000000)
  eden space 214528K, 0% used [0x00000000d5580000,0x00000000d5580000,0x00000000e2700000)
  from space 37376K, 99% used [0x00000000e5f00000,0x00000000e837de40,0x00000000e8380000)
  to   space 57344K, 0% used [0x00000000e2700000,0x00000000e2700000,0x00000000e5f00000)
 ParOldGen       total 121344K, used 120872K [0x0000000080000000, 0x0000000087680000, 0x00000000d5580000)
  object space 121344K, 99% used [0x0000000080000000,0x000000008760a030,0x0000000087680000)
 Metaspace       used 88572K, capacity 92254K, committed 92564K, reserved 1130496K
  class space    used 11509K, capacity 12194K, committed 12220K, reserved 1048576K
}
Event: 76.693 GC heap before
{Heap before GC invocations=24 (full 4):
 PSYoungGen      total 251904K, used 37367K [0x00000000d5580000, 0x00000000eae80000, 0x0000000100000000)
  eden space 214528K, 0% used [0x00000000d5580000,0x00000000d5580000,0x00000000e2700000)
  from space 37376K, 99% used [0x00000000e5f00000,0x00000000e837de40,0x00000000e8380000)
  to   space 57344K, 0% used [0x00000000e2700000,0x00000000e2700000,0x00000000e5f00000)
 ParOldGen       total 121344K, used 120872K [0x0000000080000000, 0x0000000087680000, 0x00000000d5580000)
  object space 121344K, 99% used [0x0000000080000000,0x000000008760a030,0x0000000087680000)
 Metaspace       used 88572K, capacity 92254K, committed 92564K, reserved 1130496K
  class space    used 11509K, capacity 12194K, committed 12220K, reserved 1048576K
Event: 78.852 GC heap after
Heap after GC invocations=24 (full 4):
 PSYoungGen      total 251904K, used 0K [0x00000000d5580000, 0x00000000eae80000, 0x0000000100000000)
  eden space 214528K, 0% used [0x00000000d5580000,0x00000000d5580000,0x00000000e2700000)
  from space 37376K, 0% used [0x00000000e5f00000,0x00000000e5f00000,0x00000000e8380000)
  to   space 57344K, 0% used [0x00000000e2700000,0x00000000e2700000,0x00000000e5f00000)
 ParOldGen       total 237056K, used 113885K [0x0000000080000000, 0x000000008e780000, 0x00000000d5580000)
  object space 237056K, 48% used [0x0000000080000000,0x0000000086f37468,0x000000008e780000)
 Metaspace       used 88537K, capacity 92160K, committed 92564K, reserved 1130496K
  class space    used 11498K, capacity 12173K, committed 12220K, reserved 1048576K
}

