# JRE version: OpenJDK Runtime Environment (8.0_242-b01) (build 1.8.0_242-release-1644-b01)
# Java VM: OpenJDK 64-Bit Server VM (25.242-b01 mixed mode windows-amd64 compressed oops)
Heap:
 PSYoungGen      total 397824K, used 55390K [0x00000000d5580000, 0x00000000efb00000, 0x0000000100000000)
  eden space 378880K, 14% used [0x00000000d5580000,0x00000000d8b97b50,0x00000000ec780000)
  from space 18944K, 0% used [0x00000000ee000000,0x00000000ee000000,0x00000000ef280000)
  to   space 25088K, 0% used [0x00000000ec780000,0x00000000ec780000,0x00000000ee000000)
 ParOldGen       total 95232K, used 39848K [0x0000000080000000, 0x0000000085d00000, 0x00000000d5580000)
  object space 95232K, 41% used [0x0000000080000000,0x00000000826ea310,0x0000000085d00000)
 Metaspace       used 60363K, capacity 62646K, committed 62680K, reserved 1103872K
  class space    used 8217K, capacity 8698K, committed 8704K, reserved 1048576K
GC Heap History (10 events):
Event: 26.619 GC heap before
{Heap before GC invocations=9 (full 1):
 PSYoungGen      total 142848K, used 43640K [0x00000000d5580000, 0x00000000e6e00000, 0x0000000100000000)
  eden space 131072K, 24% used [0x00000000d5580000,0x00000000d749f218,0x00000000dd580000)
  from space 11776K, 99% used [0x00000000dd580000,0x00000000de0fef98,0x00000000de100000)
  to   space 15360K, 0% used [0x00000000e5f00000,0x00000000e5f00000,0x00000000e6e00000)
 ParOldGen       total 47104K, used 9424K [0x0000000080000000, 0x0000000082e00000, 0x00000000d5580000)
  object space 47104K, 20% used [0x0000000080000000,0x00000000809340f8,0x0000000082e00000)
 Metaspace       used 34327K, capacity 35380K, committed 35416K, reserved 1079296K
  class space    used 4703K, capacity 4969K, committed 4992K, reserved 1048576K
Event: 26.657 GC heap after
Heap after GC invocations=9 (full 1):
 PSYoungGen      total 267776K, used 8790K [0x00000000d5580000, 0x00000000e6b80000, 0x0000000100000000)
  eden space 254976K, 0% used [0x00000000d5580000,0x00000000d5580000,0x00000000e4e80000)
  from space 12800K, 68% used [0x00000000e5f00000,0x00000000e6795968,0x00000000e6b80000)
  to   space 14848K, 0% used [0x00000000e4e80000,0x00000000e4e80000,0x00000000e5d00000)
 ParOldGen       total 47104K, used 9432K [0x0000000080000000, 0x0000000082e00000, 0x00000000d5580000)
  object space 47104K, 20% used [0x0000000080000000,0x00000000809360f8,0x0000000082e00000)
 Metaspace       used 34327K, capacity 35380K, committed 35416K, reserved 1079296K
  class space    used 4703K, capacity 4969K, committed 4992K, reserved 1048576K
}
Event: 26.657 GC heap before
{Heap before GC invocations=10 (full 2):
 PSYoungGen      total 267776K, used 8790K [0x00000000d5580000, 0x00000000e6b80000, 0x0000000100000000)
  eden space 254976K, 0% used [0x00000000d5580000,0x00000000d5580000,0x00000000e4e80000)
  from space 12800K, 68% used [0x00000000e5f00000,0x00000000e6795968,0x00000000e6b80000)
  to   space 14848K, 0% used [0x00000000e4e80000,0x00000000e4e80000,0x00000000e5d00000)
 ParOldGen       total 47104K, used 9432K [0x0000000080000000, 0x0000000082e00000, 0x00000000d5580000)
  object space 47104K, 20% used [0x0000000080000000,0x00000000809360f8,0x0000000082e00000)
 Metaspace       used 34327K, capacity 35380K, committed 35416K, reserved 1079296K
  class space    used 4703K, capacity 4969K, committed 4992K, reserved 1048576K
Event: 26.836 GC heap after
Heap after GC invocations=10 (full 2):
 PSYoungGen      total 267776K, used 0K [0x00000000d5580000, 0x00000000e6b80000, 0x0000000100000000)
  eden space 254976K, 0% used [0x00000000d5580000,0x00000000d5580000,0x00000000e4e80000)
  from space 12800K, 0% used [0x00000000e5f00000,0x00000000e5f00000,0x00000000e6b80000)
  to   space 14848K, 0% used [0x00000000e4e80000,0x00000000e4e80000,0x00000000e5d00000)
 ParOldGen       total 59904K, used 15216K [0x0000000080000000, 0x0000000083a80000, 0x00000000d5580000)
  object space 59904K, 25% used [0x0000000080000000,0x0000000080edc048,0x0000000083a80000)
 Metaspace       used 34327K, capacity 35380K, committed 35416K, reserved 1079296K
  class space    used 4703K, capacity 4969K, committed 4992K, reserved 1048576K
}
Event: 33.304 GC heap before
{Heap before GC invocations=11 (full 2):
 PSYoungGen      total 267776K, used 254976K [0x00000000d5580000, 0x00000000e6b80000, 0x0000000100000000)
  eden space 254976K, 100% used [0x00000000d5580000,0x00000000e4e80000,0x00000000e4e80000)
  from space 12800K, 0% used [0x00000000e5f00000,0x00000000e5f00000,0x00000000e6b80000)
  to   space 14848K, 0% used [0x00000000e4e80000,0x00000000e4e80000,0x00000000e5d00000)
 ParOldGen       total 59904K, used 15216K [0x0000000080000000, 0x0000000083a80000, 0x00000000d5580000)
  object space 59904K, 25% used [0x0000000080000000,0x0000000080edc048,0x0000000083a80000)
 Metaspace       used 46263K, capacity 47986K, committed 48344K, reserved 1091584K
  class space    used 6220K, capacity 6567K, committed 6656K, reserved 1048576K
Event: 33.325 GC heap after
Heap after GC invocations=11 (full 2):
 PSYoungGen      total 269824K, used 14841K [0x00000000d5580000, 0x00000000ef280000, 0x0000000100000000)
  eden space 254976K, 0% used [0x00000000d5580000,0x00000000d5580000,0x00000000e4e80000)
  from space 14848K, 99% used [0x00000000e4e80000,0x00000000e5cfe490,0x00000000e5d00000)
  to   space 18944K, 0% used [0x00000000ee000000,0x00000000ee000000,0x00000000ef280000)
 ParOldGen       total 59904K, used 20473K [0x0000000080000000, 0x0000000083a80000, 0x00000000d5580000)
  object space 59904K, 34% used [0x0000000080000000,0x00000000813fe750,0x0000000083a80000)
 Metaspace       used 46263K, capacity 47986K, committed 48344K, reserved 1091584K
  class space    used 6220K, capacity 6567K, committed 6656K, reserved 1048576K
}
Event: 36.292 GC heap before
{Heap before GC invocations=12 (full 2):
 PSYoungGen      total 269824K, used 152370K [0x00000000d5580000, 0x00000000ef280000, 0x0000000100000000)
  eden space 254976K, 53% used [0x00000000d5580000,0x00000000ddbce670,0x00000000e4e80000)
  from space 14848K, 99% used [0x00000000e4e80000,0x00000000e5cfe490,0x00000000e5d00000)
  to   space 18944K, 0% used [0x00000000ee000000,0x00000000ee000000,0x00000000ef280000)
 ParOldGen       total 59904K, used 20473K [0x0000000080000000, 0x0000000083a80000, 0x00000000d5580000)
  object space 59904K, 34% used [0x0000000080000000,0x00000000813fe750,0x0000000083a80000)
 Metaspace       used 56832K, capacity 58904K, committed 59028K, reserved 1099776K
  class space    used 7658K, capacity 8103K, committed 8192K, reserved 1048576K
Event: 36.358 GC heap after
Heap after GC invocations=12 (full 2):
 PSYoungGen      total 397824K, used 18932K [0x00000000d5580000, 0x00000000efb00000, 0x0000000100000000)
  eden space 378880K, 0% used [0x00000000d5580000,0x00000000d5580000,0x00000000ec780000)
  from space 18944K, 99% used [0x00000000ee000000,0x00000000ef27d310,0x00000000ef280000)
  to   space 25088K, 0% used [0x00000000ec780000,0x00000000ec780000,0x00000000ee000000)
 ParOldGen       total 59904K, used 29052K [0x0000000080000000, 0x0000000083a80000, 0x00000000d5580000)
  object space 59904K, 48% used [0x0000000080000000,0x0000000081c5f200,0x0000000083a80000)
 Metaspace       used 56832K, capacity 58904K, committed 59028K, reserved 1099776K
  class space    used 7658K, capacity 8103K, committed 8192K, reserved 1048576K
}
Event: 36.358 GC heap before
{Heap before GC invocations=13 (full 3):
 PSYoungGen      total 397824K, used 18932K [0x00000000d5580000, 0x00000000efb00000, 0x0000000100000000)
  eden space 378880K, 0% used [0x00000000d5580000,0x00000000d5580000,0x00000000ec780000)
  from space 18944K, 99% used [0x00000000ee000000,0x00000000ef27d310,0x00000000ef280000)
  to   space 25088K, 0% used [0x00000000ec780000,0x00000000ec780000,0x00000000ee000000)
 ParOldGen       total 59904K, used 29052K [0x0000000080000000, 0x0000000083a80000, 0x00000000d5580000)
  object space 59904K, 48% used [0x0000000080000000,0x0000000081c5f200,0x0000000083a80000)
 Metaspace       used 56832K, capacity 58904K, committed 59028K, reserved 1099776K
  class space    used 7658K, capacity 8103K, committed 8192K, reserved 1048576K
Event: 36.845 GC heap after
Heap after GC invocations=13 (full 3):
 PSYoungGen      total 397824K, used 0K [0x00000000d5580000, 0x00000000efb00000, 0x0000000100000000)
  eden space 378880K, 0% used [0x00000000d5580000,0x00000000d5580000,0x00000000ec780000)
  from space 18944K, 0% used [0x00000000ee000000,0x00000000ee000000,0x00000000ef280000)
  to   space 25088K, 0% used [0x00000000ec780000,0x00000000ec780000,0x00000000ee000000)
 ParOldGen       total 95232K, used 39848K [0x0000000080000000, 0x0000000085d00000, 0x00000000d5580000)
  object space 95232K, 41% used [0x0000000080000000,0x00000000826ea310,0x0000000085d00000)
 Metaspace       used 56832K, capacity 58904K, committed 59028K, reserved 1099776K
  class space    used 7658K, capacity 8103K, committed 8192K, reserved 1048576K
}

