# JRE version: OpenJDK Runtime Environment (8.0_242-b01) (build 1.8.0_242-release-1644-b01)
# Java VM: OpenJDK 64-Bit Server VM (25.242-b01 mixed mode windows-amd64 compressed oops)
Heap:
 PSYoungGen      total 226816K, used 175354K [0x00000000d5580000, 0x00000000e7b80000, 0x0000000100000000)
  eden space 205824K, 85% used [0x00000000d5580000,0x00000000e00be8f0,0x00000000e1e80000)
  from space 20992K, 0% used [0x00000000e1e80000,0x00000000e1e80000,0x00000000e3300000)
  to   space 23040K, 0% used [0x00000000e6500000,0x00000000e6500000,0x00000000e7b80000)
 ParOldGen       total 120832K, used 106743K [0x0000000080000000, 0x0000000087600000, 0x00000000d5580000)
  object space 120832K, 88% used [0x0000000080000000,0x000000008683dca0,0x0000000087600000)
 Metaspace       used 75042K, capacity 77776K, committed 78936K, reserved 1118208K
  class space    used 9787K, capacity 10297K, committed 10624K, reserved 1048576K
GC Heap History (10 events):
Event: 37.986 GC heap before
{Heap before GC invocations=19 (full 4):
 PSYoungGen      total 226816K, used 20968K [0x00000000d5580000, 0x00000000e7b80000, 0x0000000100000000)
  eden space 205824K, 0% used [0x00000000d5580000,0x00000000d5580000,0x00000000e1e80000)
  from space 20992K, 99% used [0x00000000e1e80000,0x00000000e32fa228,0x00000000e3300000)
  to   space 23040K, 0% used [0x00000000e6500000,0x00000000e6500000,0x00000000e7b80000)
 ParOldGen       total 120832K, used 120630K [0x0000000080000000, 0x0000000087600000, 0x00000000d5580000)
  object space 120832K, 99% used [0x0000000080000000,0x00000000875cda10,0x0000000087600000)
 Metaspace       used 73395K, capacity 76690K, committed 76888K, reserved 1116160K
  class space    used 9681K, capacity 10310K, committed 10368K, reserved 1048576K
Event: 38.834 GC heap after
Heap after GC invocations=19 (full 4):
 PSYoungGen      total 226816K, used 10391K [0x00000000d5580000, 0x00000000e7b80000, 0x0000000100000000)
  eden space 205824K, 0% used [0x00000000d5580000,0x00000000d5580000,0x00000000e1e80000)
  from space 20992K, 49% used [0x00000000e1e80000,0x00000000e28a5df0,0x00000000e3300000)
  to   space 23040K, 0% used [0x00000000e6500000,0x00000000e6500000,0x00000000e7b80000)
 ParOldGen       total 120832K, used 120587K [0x0000000080000000, 0x0000000087600000, 0x00000000d5580000)
  object space 120832K, 99% used [0x0000000080000000,0x00000000875c2f50,0x0000000087600000)
 Metaspace       used 73265K, capacity 76312K, committed 76888K, reserved 1116160K
  class space    used 9640K, capacity 10237K, committed 10368K, reserved 1048576K
}
Event: 40.585 GC heap before
{Heap before GC invocations=20 (full 5):
 PSYoungGen      total 226816K, used 210074K [0x00000000d5580000, 0x00000000e7b80000, 0x0000000100000000)
  eden space 205824K, 97% used [0x00000000d5580000,0x00000000e1880d40,0x00000000e1e80000)
  from space 20992K, 49% used [0x00000000e1e80000,0x00000000e28a5df0,0x00000000e3300000)
  to   space 23040K, 0% used [0x00000000e6500000,0x00000000e6500000,0x00000000e7b80000)
 ParOldGen       total 120832K, used 120587K [0x0000000080000000, 0x0000000087600000, 0x00000000d5580000)
  object space 120832K, 99% used [0x0000000080000000,0x00000000875c2f50,0x0000000087600000)
 Metaspace       used 75359K, capacity 78382K, committed 78936K, reserved 1118208K
  class space    used 9860K, capacity 10434K, committed 10624K, reserved 1048576K
Event: 40.968 GC heap after
Heap after GC invocations=20 (full 5):
 PSYoungGen      total 226816K, used 140999K [0x00000000d5580000, 0x00000000e7b80000, 0x0000000100000000)
  eden space 205824K, 68% used [0x00000000d5580000,0x00000000ddf31d30,0x00000000e1e80000)
  from space 20992K, 0% used [0x00000000e1e80000,0x00000000e1e80000,0x00000000e3300000)
  to   space 23040K, 0% used [0x00000000e6500000,0x00000000e6500000,0x00000000e7b80000)
 ParOldGen       total 120832K, used 113863K [0x0000000080000000, 0x0000000087600000, 0x00000000d5580000)
  object space 120832K, 94% used [0x0000000080000000,0x0000000086f31ec0,0x0000000087600000)
 Metaspace       used 75359K, capacity 78382K, committed 78936K, reserved 1118208K
  class space    used 9860K, capacity 10434K, committed 10624K, reserved 1048576K
}
Event: 41.010 GC heap before
{Heap before GC invocations=21 (full 6):
 PSYoungGen      total 226816K, used 147729K [0x00000000d5580000, 0x00000000e7b80000, 0x0000000100000000)
  eden space 205824K, 71% used [0x00000000d5580000,0x00000000de5c4578,0x00000000e1e80000)
  from space 20992K, 0% used [0x00000000e1e80000,0x00000000e1e80000,0x00000000e3300000)
  to   space 23040K, 0% used [0x00000000e6500000,0x00000000e6500000,0x00000000e7b80000)
 ParOldGen       total 120832K, used 113863K [0x0000000080000000, 0x0000000087600000, 0x00000000d5580000)
  object space 120832K, 94% used [0x0000000080000000,0x0000000086f31ec0,0x0000000087600000)
 Metaspace       used 75363K, capacity 78382K, committed 78936K, reserved 1118208K
  class space    used 9860K, capacity 10434K, committed 10624K, reserved 1048576K
Event: 41.210 GC heap after
Heap after GC invocations=21 (full 6):
 PSYoungGen      total 226816K, used 140945K [0x00000000d5580000, 0x00000000e7b80000, 0x0000000100000000)
  eden space 205824K, 68% used [0x00000000d5580000,0x00000000ddf24450,0x00000000e1e80000)
  from space 20992K, 0% used [0x00000000e1e80000,0x00000000e1e80000,0x00000000e3300000)
  to   space 23040K, 0% used [0x00000000e6500000,0x00000000e6500000,0x00000000e7b80000)
 ParOldGen       total 120832K, used 113863K [0x0000000080000000, 0x0000000087600000, 0x00000000d5580000)
  object space 120832K, 94% used [0x0000000080000000,0x0000000086f31ec0,0x0000000087600000)
 Metaspace       used 75363K, capacity 78382K, committed 78936K, reserved 1118208K
  class space    used 9860K, capacity 10434K, committed 10624K, reserved 1048576K
}
Event: 41.255 GC heap before
{Heap before GC invocations=22 (full 7):
 PSYoungGen      total 226816K, used 146110K [0x00000000d5580000, 0x00000000e7b80000, 0x0000000100000000)
  eden space 205824K, 70% used [0x00000000d5580000,0x00000000de42fa30,0x00000000e1e80000)
  from space 20992K, 0% used [0x00000000e1e80000,0x00000000e1e80000,0x00000000e3300000)
  to   space 23040K, 0% used [0x00000000e6500000,0x00000000e6500000,0x00000000e7b80000)
 ParOldGen       total 120832K, used 113863K [0x0000000080000000, 0x0000000087600000, 0x00000000d5580000)
  object space 120832K, 94% used [0x0000000080000000,0x0000000086f31ec0,0x0000000087600000)
 Metaspace       used 75363K, capacity 78382K, committed 78936K, reserved 1118208K
  class space    used 9860K, capacity 10434K, committed 10624K, reserved 1048576K
Event: 41.424 GC heap after
Heap after GC invocations=22 (full 7):
 PSYoungGen      total 226816K, used 140932K [0x00000000d5580000, 0x00000000e7b80000, 0x0000000100000000)
  eden space 205824K, 68% used [0x00000000d5580000,0x00000000ddf21048,0x00000000e1e80000)
  from space 20992K, 0% used [0x00000000e1e80000,0x00000000e1e80000,0x00000000e3300000)
  to   space 23040K, 0% used [0x00000000e6500000,0x00000000e6500000,0x00000000e7b80000)
 ParOldGen       total 120832K, used 113863K [0x0000000080000000, 0x0000000087600000, 0x00000000d5580000)
  object space 120832K, 94% used [0x0000000080000000,0x0000000086f31ec0,0x0000000087600000)
 Metaspace       used 75363K, capacity 78382K, committed 78936K, reserved 1118208K
  class space    used 9860K, capacity 10434K, committed 10624K, reserved 1048576K
}
Event: 41.424 GC heap before
{Heap before GC invocations=23 (full 8):
 PSYoungGen      total 226816K, used 140932K [0x00000000d5580000, 0x00000000e7b80000, 0x0000000100000000)
  eden space 205824K, 68% used [0x00000000d5580000,0x00000000ddf21048,0x00000000e1e80000)
  from space 20992K, 0% used [0x00000000e1e80000,0x00000000e1e80000,0x00000000e3300000)
  to   space 23040K, 0% used [0x00000000e6500000,0x00000000e6500000,0x00000000e7b80000)
 ParOldGen       total 120832K, used 113863K [0x0000000080000000, 0x0000000087600000, 0x00000000d5580000)
  object space 120832K, 94% used [0x0000000080000000,0x0000000086f31ec0,0x0000000087600000)
 Metaspace       used 75363K, capacity 78382K, committed 78936K, reserved 1118208K
  class space    used 9860K, capacity 10434K, committed 10624K, reserved 1048576K
Event: 41.775 GC heap after
Heap after GC invocations=23 (full 8):
 PSYoungGen      total 226816K, used 139033K [0x00000000d5580000, 0x00000000e7b80000, 0x0000000100000000)
  eden space 205824K, 67% used [0x00000000d5580000,0x00000000ddd46788,0x00000000e1e80000)
  from space 20992K, 0% used [0x00000000e1e80000,0x00000000e1e80000,0x00000000e3300000)
  to   space 23040K, 0% used [0x00000000e6500000,0x00000000e6500000,0x00000000e7b80000)
 ParOldGen       total 120832K, used 106743K [0x0000000080000000, 0x0000000087600000, 0x00000000d5580000)
  object space 120832K, 88% used [0x0000000080000000,0x000000008683dca0,0x0000000087600000)
 Metaspace       used 74891K, capacity 77562K, committed 78936K, reserved 1118208K
  class space    used 9774K, capacity 10272K, committed 10624K, reserved 1048576K
}

